[H[2J[3J################################################################################
2024 December 17
################################################################################
                                   POLYHEDRA
                            (version vII.1_20200430)
               Copyright 2011-2017 Lucy CUSINATO, Romuald POTEAU
                   Université de Toulouse 3 - Paul Sabatier
                          romuald.poteau@univ-tlse3.fr
--------------------------------------------------------------------------------
              This file is part of the dressNPs suite of programs.
                                                                                
   dressNPs tools are free softwares: you can redistribute them and/or modify
     them under the terms of the GNU General Public License as published by
       the Free Software Foundation, either version 3 of the License, or
                      (at your option) any later version.
                                                                                
      dressNPs tools are distributed in the hope that they will be useful,
         but WITHOUT ANY WARRANTY; without even the implied warranty of
         MERCHANTABILITY or FITNESS FOR A PARTICULAR PURPOSE.  See the
                  GNU General Public License for more details.
                                                                                
       You should have received a copy of the GNU General Public License
  along with the dressNPs tools.  If not, see <http://www.gnu.org/licenses/>.
--------------------------------------------------------------------------------
openMP. Number of cores:  4
################################################################################
                              Options of polyhedra
--------------------------------------------------------------------------------
-F name1: name of the "name1[.in]" file
-XYZ name2: name of the "name2[.xyz]" file
-POS name3: name of the "name3[.POSCAR]" file
################################################################################
                                  Command-Line
--------------------------------------------------------------------------------
 polyhedra
--------------------------------------------------------------------------------
 *** input file: polyhedra.in                               
--------------------------------------------------------------------------------
                                       Oh
--------------------------------------------------------------------------------
 RR    2.7000000000000002     
 nn            6
 edge length of the Td   32.400000000000006     
 diagonal cube    39.681733833087492     
 Number of atoms on the diagonal of a face           13
 Height H   26.454489222058328     
Polyhedron:                                     Boerdijk–Coxeter helix
Atomic Symbol: Pt  
Reference Interatomic Distance:   2.700 angs
nn:                               6
Parameter 1:   0
  5h.    5k.    5l.
Number of boundaries:  4
 1.  "+___1+___1+___1"      7.35 angs   Sym: n
 2.  "-___1-___1+___1"      7.35 angs   Sym: n
 3.  "-___1+___1-___1"      7.35 angs   Sym: n
 4.  "+___1-___1-___1"      7.35 angs   Sym: n
 ==================================================================
       Printing conversion factors of variables_molecules.f90
 ==================================================================

 Time
 ------------------------------------------------------------------
 s > fs                         1000000000000000.0     
 s > ps                         1000000000000.0000     
 fs > s                         1.0000000000000001E-015
 ps > s                         9.9999999999999998E-013

 Energy
 ------------------------------------------------------------------
 kcal to J                      4184.0000000000000     
 J to kcal                      2.3900573613766730E-004
 cal > J                        4.1840000000000002     
 J > cal                       0.23900573613766729     
 eV > J/mol                     96485.332900256573     
 J/mol > eV                     1.0364269572804062E-005
 eV > kcal/mol                  23.060548016313714     
 hartree > eV                   27.211386020965236     

 Temperature
 ------------------------------------------------------------------
 K > J/mol                      8.3144598480000003     
 J/mol > K                     0.12027239421671188     
 K > kcal/mol                   1.9872036113874701E-003
 kcal/mol > K                   503.21969740272255     
 ==================================================================
           1 +___1+___1+___1   7.3484692283495336     
Plane  1   1.00  1.00  1.00
Cutting plane  1:   161 atoms suppressed
           2 -___1-___1+___1   7.3484692283495336     
Plane  2  -1.00 -1.00  1.00
Cutting plane  2:   161 atoms suppressed
           3 -___1+___1-___1   7.3484692283495336     
Plane  3  -1.00  1.00 -1.00
Cutting plane  3:   161 atoms suppressed
           4 +___1-___1-___1   7.3484692283495336     
Plane  4   1.00 -1.00 -1.00
Cutting plane  4:   161 atoms suppressed
Rotation of atoms     1 -   455 by    0.0°      0.0°   -135.0°   
Rotation of atoms     1 -   455 by    0.0°    -54.7°      0.0°   
Selection of atom  441 in plane +0+0+1 +
Rotation of atoms     1 -   910 by  -25.0°     30.7°    100.0°   
 Volume of the NP (sphere)    0.00 angstrom^3
--------------------------------------------------------------------------------
Temporary number of atoms:   910
Threshold for doublon:  0.30 angs
Doublon procedure...   91 atoms deleted
Number of atoms after cleaning of duplicated atoms:   819
--------------------------------------------------------------------------------
Molecule recentered at    0.00      0.00      0.00
     65.6   120.3   120.3
x     0.5     0.6     0.6
y     0.4     0.5    -0.8
z    -0.8     0.6    -0.0
Momentum of inertia [3]    :        65.61      120.28      120.29
Dimension of the ellipsoid :        41.83       25.61       25.61
Momentum of inertia [3M] / mass_unit.dist**2:  19217.800   19217.800   10482.437
x      0.850     -0.128     -0.511
y     -0.079      0.928     -0.363
z      0.521      0.349      0.779
Momentum of inertia [3M]   :     19217.80    19217.80    10482.44
Dimension of the ellipsoid :       323.77      323.77      528.71
      32.805     32.805     87.480
x      0.635      0.579      0.511
y      0.451     -0.815      0.363
z      0.627     -0.000     -0.779
Momentum of inertia [4]    :   Ia:     32.81  Ib:     32.81  Ic:     87.48
Dimension of the ellipsoid :   Da:     25.61  Db:     25.61  Dc:     41.83
Emergency process. DMaxNP set to:         41.83
Emergency process. volumeNP set to:      14369.38
Unitcell Options = infp,infq,infr & vac_abc: FFF FFF
 boxy1 b_c   61.986973254298462     

Unit Cell
     3.81837662       0.00000000       0.00000000
     0.00000000       3.81837662       0.00000000
     0.00000000       0.00000000       3.81837662

--------------------------------------------------------------------------------
Number of Atoms:    819
--------------------------------------------------------------------------------
Potential? F       
Rmax used for CN calculation:  3.40    Metal: PT
-----------------------------
Standard Coordination numbers
-----------------------------
CN  3:     2 atoms [xDBDDEF]
CN  4:     3 atoms [xC9CCE8]
CN  6:    66 atoms [xA5AAD9]
CN  8:    33 atoms [x8188C9]
CN  9:   330 atoms [x6F77C2]
CN 12:   385 atoms [x3944AB]
CN written in CN.dat
Average CN: 10.10
--------------
jmol commands:
--------------
select (atomno=[ 1 365])
color atoms [xDBDDEF]
select (atomno=[ 401 808 819])
color atoms [xC9CCE8]
select (atomno=[ 2 3 4 7 8 13 14 19 20 25 26 31 32 36 38 41 44 102 104 121 124 184 186 224 227 266 268 312 315 332 334 360 363 366 367 368 371 372 377 378 383 384 389 390 395 396 403 405 408 411 476 478 495 498 569 571 610 613 666 668 721 724 751 753 796 799])
color atoms [xA5AAD9]
select (atomno=[ 399 400 462 472 473 474 537 555 566 567 609 634 663 664 684 702 748 749 755 765 805 806 807 809 810 811 812 813 814 815 816 817 818])
color atoms [x8188C9]
select (atomno=[ 5 6 9 10 11 12 15 16 17 18 21 22 23 24 27 28 29 30 33 34 35 37 39 40 42 43 49 50 51 53 54 55 56 58 63 64 65 67 68 69 70 72 77 78 79 81 82 83 84 86 91 92 93 95 96 97 99 101 103 105 106 107 108 110 111 116 117 118 120 122 123 137 138 139 141 142 143 144 146 159 160 161 163 164 165 167 177 178 179 181 183 185 187 188 189 190 192 193 198 199 200 202 203 204 206 207 220 221 222 225 226 245 246 247 249 259 260 261 263 265 267 269 270 271 272 274 275 280 281 282 284 285 287 288 298 299 301 302 313 314 325 326 327 329 331 333 335 336 337 339 340 342 343 345 346 348 349 351 352 354 355 357 358 361 362 369 370 373 374 375 376 379 380 381 382 385 386 387 388 391 392 393 394 397 398 402 404 406 407 409 410 416 417 418 420 421 422 423 425 430 431 432 434 435 436 437 439 444 445 446 448 449 450 451 453 458 459 460 463 464 465 467 475 477 479 480 481 482 484 485 490 491 492 494 496 497 511 512 513 515 516 517 518 520 533 534 535 538 539 540 542 556 557 558 560 568 570 572 573 574 575 577 578 583 584 585 587 588 589 591 592 605 606 607 611 612 635 636 637 639 653 654 655 657 665 667 669 670 671 672 674 675 680 681 682 685 686 688 689 703 704 706 707 722 723 738 739 740 742 750 752 754 756 757 759 760 766 767 769 770 776 777 779 780 786 787 789 790 797 798])
color atoms [x6F77C2]
select (atomno=[ 45 46 47 48 52 57 59 60 61 62 66 71 73 74 75 76 80 85 87 88 89 90 94 98 100 109 112 113 114 115 119 125 126 127 128 129 130 131 132 133 134 135 136 140 145 147 148 149 150 151 152 153 154 155 156 157 158 162 166 168 169 170 171 172 173 174 175 176 180 182 191 194 195 196 197 201 205 208 209 210 211 212 213 214 215 216 217 218 219 223 228 229 230 231 232 233 234 235 236 237 238 239 240 241 242 243 244 248 250 251 252 253 254 255 256 257 258 262 264 273 276 277 278 279 283 286 289 290 291 292 293 294 295 296 297 300 303 304 305 306 307 308 309 310 311 316 317 318 319 320 321 322 323 324 328 330 338 341 344 347 350 353 356 359 364 412 413 414 415 419 424 426 427 428 429 433 438 440 441 442 443 447 452 454 455 456 457 461 466 468 469 470 471 483 486 487 488 489 493 499 500 501 502 503 504 505 506 507 508 509 510 514 519 521 522 523 524 525 526 527 528 529 530 531 532 536 541 543 544 545 546 547 548 549 550 551 552 553 554 559 561 562 563 564 565 576 579 580 581 582 586 590 593 594 595 596 597 598 599 600 601 602 603 604 608 614 615 616 617 618 619 620 621 622 623 624 625 626 627 628 629 630 631 632 633 638 640 641 642 643 644 645 646 647 648 649 650 651 652 656 658 659 660 661 662 673 676 677 678 679 683 687 690 691 692 693 694 695 696 697 698 699 700 701 705 708 709 710 711 712 713 714 715 716 717 718 719 720 725 726 727 728 729 730 731 732 733 734 735 736 737 741 743 744 745 746 747 758 761 762 763 764 768 771 772 773 774 775 778 781 782 783 784 785 788 791 792 793 794 795 800 801 802 803 804])
color atoms [x3944AB]
No reference coordination value (CNref) given as input
Unable to calculate (CN-CNref)

--------------------------------
Generalized Coordination numbers
--------------------------------
Maximum coordination number (CNmax): 12
gCN written in gCN.dat
Average gCN:  8.82
--------------
jmol commands:
--------------
gCN=load("gCN.dat")
select all
set usercolorscheme [xFFFFFF] [xEDEEF7] [xDBDDEF] [xC9CCE8] [xB7BBE0] [xA5AAD9] [x9399D1] [x8188C9] [x6F77C2] [x5D66BA] [x4B55B3] [x3944AB] [x2833A4] 
color atoms variable gCN "user" range   1.00   13.00
frank off

Color scale:
gCN:  1.00   [xFFFFFF]
gCN:  2.00   [xEDEEF7]
gCN:  3.00   [xDBDDEF]
gCN:  4.00   [xC9CCE8]
gCN:  5.00   [xB7BBE0]
gCN:  6.00   [xA5AAD9]
gCN:  7.00   [x9399D1]
gCN:  8.00   [x8188C9]
gCN:  9.00   [x6F77C2]
gCN: 10.00   [x5D66BA]
gCN: 11.00   [x4B55B3]
gCN: 12.00   [x3944AB]
gCN: 13.00   [x2833A4]
No reference coordination value (gCNref) given as input
Unable to calculate (gCN-gCNref)
================================================================================
Electron Count
--------------
Electron Count values written in elcnt.dat
--------------
jmol commands:
--------------
elc=load("elcnt.dat")
select all
set usercolorscheme [x730213] [x990003] [xc60006] [xF30004] [xF87D6A] [xFFD0D0] [xFFFFFF] [xD2D6F8] [x7E7AF8] [x0212FF] [x0003B6] [x000073] [x000000] 
color atoms variable elc "user" range   8.00   20.00
frank off

Color scale:
Nel:  8.   [x730213]
Nel:  9.   [x990003]
Nel: 10.   [xc60006]
Nel: 11.   [xF30004]
Nel: 12.   [xF87D6A]
Nel: 13.   [xFFD0D0]
Nel: 14.   [xFFFFFF]
Nel: 15.   [xD2D6F8]
Nel: 16.   [x7E7AF8]
Nel: 17.   [x0212FF]
Nel: 18.   [x0003B6]
Nel: 19.   [x000073]
Nel: 20.   [x000000]
################################################################################
                                  Elapsed Time
--------------------------------------------------------------------------------
2024 December 17
Walltime TOT:   0.0 min (    0. sec) per thread
--------------------------------------------------------------------------------
  ## GoF function.                      : 000:00:00.0        (               0)
  ##              param.                : 000:00:00.0        (               0)
  ##              param. Gradient       : 000:00:00.0        (               0)
  ##              coords.               : 000:00:00.0        (               0)
  ##              coords. Gradient      : 000:00:00.0        (               0)
  ## Lennard-Jones Potential. Energy    : 000:00:00.0        (               0)
  ##                          Gradient  : 000:00:00.0        (               0)
  ## Sutton-Chen Potential. Energy      : 000:00:00.0        (               0)
  ##                        Gradient    : 000:00:00.0        (               0)
  ## RMS deviation from a ref. shape    : 000:00:00.0        (               0)
  ## Basin Hoping                       : 000:00:00.0        (               0)
  ## Reverse Monte Carlo                : 000:00:00.0        (               0)
  ## Conjugated Gradient (frprmn)       : 000:00:00.0        (               0)
  ## Molecular Dynamics                 : 000:00:00.0        (               0)
  ## PDF Calculation                    : 000:00:00.0        (               0)
  ## Core/Surface analysis              : 000:00:00.0        (               0)
-------------------------------------------------------
  ## TOTAL                              : 000:00:00.0        (        83742098)
################################################################################
