[H[2J[3J################################################################################
2024 April 25
################################################################################
                                   POLYHEDRA
                            (version vII.1_20200430)
               Copyright 2011-2017 Lucy CUSINATO, Romuald POTEAU
                   Université de Toulouse 3 - Paul Sabatier
                          romuald.poteau@univ-tlse3.fr
--------------------------------------------------------------------------------
              This file is part of the dressNPs suite of programs.
                                                                                
   dressNPs tools are free softwares: you can redistribute them and/or modify
     them under the terms of the GNU General Public License as published by
       the Free Software Foundation, either version 3 of the License, or
                      (at your option) any later version.
                                                                                
      dressNPs tools are distributed in the hope that they will be useful,
         but WITHOUT ANY WARRANTY; without even the implied warranty of
         MERCHANTABILITY or FITNESS FOR A PARTICULAR PURPOSE.  See the
                  GNU General Public License for more details.
                                                                                
       You should have received a copy of the GNU General Public License
  along with the dressNPs tools.  If not, see <http://www.gnu.org/licenses/>.
--------------------------------------------------------------------------------
openMP. Number of cores:  4
################################################################################
                              Options of polyhedra
--------------------------------------------------------------------------------
-F name1: name of the "name1[.in]" file
-XYZ name2: name of the "name2[.xyz]" file
-POS name3: name of the "name3[.POSCAR]" file
################################################################################
                                  Command-Line
--------------------------------------------------------------------------------
 polyhedra
--------------------------------------------------------------------------------
 *** input file: polyhedra.in                               
--------------------------------------------------------------------------------
                                       Oh
--------------------------------------------------------------------------------
Polyhedron:                hexagonal close packing system / NanoRod(001)
Diameter:   20.00 angs.    Height:   50.00 angs
Atomic Symbol: Pt  
Reference Interatomic Distance:   2.700 angs
nn:                               2
 13h.   13k.   21l.
Number of boundaries:  8
 1.  "+___1+inf_+inf_"     10.00 angs   Sym: n
 2.  "-___1+inf_+inf_"     10.00 angs   Sym: n
 3.  "+___1+_R33+inf_"     10.00 angs   Sym: n
 4.  "+___1-_R33+inf_"     10.00 angs   Sym: n
 5.  "-___1+_R33+inf_"     10.00 angs   Sym: n
 6.  "-___1-_R33+inf_"     10.00 angs   Sym: n
 7.  "+inf_+inf_+___1"     25.00 angs   Sym: n
 8.  "+inf_+inf_-___1"     25.00 angs   Sym: n
 ==================================================================
       Printing conversion factors of variables_molecules.f90
 ==================================================================

 Time
 ------------------------------------------------------------------
 s > fs                         1000000000000000.0     
 s > ps                         1000000000000.0000     
 fs > s                         1.0000000000000001E-015
 ps > s                         9.9999999999999998E-013

 Energy
 ------------------------------------------------------------------
 kcal to J                      4184.0000000000000     
 J to kcal                      2.3900573613766730E-004
 cal > J                        4.1840000000000002     
 J > cal                       0.23900573613766729     
 eV > J/mol                     96485.332900256573     
 J/mol > eV                     1.0364269572804062E-005
 eV > kcal/mol                  23.060548016313714     
 hartree > eV                   27.211386020965236     

 Temperature
 ------------------------------------------------------------------
 K > J/mol                      8.3144598480000003     
 J/mol > K                     0.12027239421671188     
 K > kcal/mol                   1.9872036113874701E-003
 kcal/mol > K                   503.21969740272255     
 ==================================================================
   Subroutine replication / initial nat:     2
Threshold for doublon:  0.02 angs
Doublon procedure...    2 atoms deleted
   Subroutine replication / nat:    28
Threshold for doublon:  0.02 angs
Doublon procedure...   28 atoms deleted
   Subroutine replication / nat:   392
   Subroutine replication / nat:  9016
Plane  1   1.00  0.00  0.00
Cutting plane  1:  2415 atoms suppressed
Plane  2  -1.00  0.00  0.00
Cutting plane  2:  1794 atoms suppressed
Plane  3   1.00  1.73  0.00
Cutting plane  3:   920 atoms suppressed
Plane  4   1.00 -1.73  0.00
Cutting plane  4:   506 atoms suppressed
Plane  5  -1.00  1.73  0.00
Cutting plane  5:   437 atoms suppressed
Plane  6  -1.00 -1.73  0.00
Cutting plane  6:   368 atoms suppressed
Plane  7   0.00  0.00  1.00
Cutting plane  7:   672 atoms suppressed
Plane  8   0.00  0.00 -1.00
Cutting plane  8:   503 atoms suppressed
Volume NP (cylinder):      15707.96 angs^3
--------------------------------------------------------------------------------
Temporary number of atoms:  1401
Threshold for doublon:  0.30 angs
Doublon procedure...  112 atoms deleted
Number of atoms after cleaning of duplicated atoms:  1289
--------------------------------------------------------------------------------
Molecule recentered at    0.00      0.00      0.00
--------------------------------------------------------------------------------
                               Slicing process...
--------------------------------------------------------------------------------
Plane  1   1.00  0.00  0.00
Cutting plane  1:     0 atoms suppressed
Plane  2  -1.00  0.00  0.00
Cutting plane  2:     0 atoms suppressed
Plane  3   1.00  1.73  0.00
Cutting plane  3:     0 atoms suppressed
Plane  4   1.00 -1.73  0.00
Cutting plane  4:     0 atoms suppressed
Plane  5  -1.00  1.73  0.00
Cutting plane  5:     0 atoms suppressed
Plane  6  -1.00 -1.73  0.00
Cutting plane  6:     0 atoms suppressed
Plane  7   0.00  0.00  1.00
Cutting plane  7:     0 atoms suppressed
Plane  8   0.00  0.00 -1.00
Cutting plane  8:     0 atoms suppressed
     56.4   242.4   242.4
x     0.0     1.0     0.0
y     0.0     0.0     1.0
z     1.0     0.0     0.0
Momentum of inertia [3]    :        56.36      242.35      242.35
Dimension of the ellipsoid :        65.45       23.74       23.74
Momentum of inertia [3M] / mass_unit.dist**2:  60941.102   60941.102   14172.834
x      1.000     -0.000      0.000
y      0.000      1.000      0.000
z      0.000      0.000      1.000
Momentum of inertia [3M]   :     60941.10    60941.10    14172.83
Dimension of the ellipsoid :       376.47      376.47     1037.83
      28.182     28.182    214.172
x      0.000      1.000      0.000
y      1.000      0.000      0.000
z      0.000      0.000      1.000
Momentum of inertia [4]    :   Ix:     28.18  Iy:     28.18  Iz:    214.17
Dimension of the ellipsoid :   Dx:     23.74  Dy:     23.74  Dz:     65.45
                       DMaxNP is:         53.35
                       volumeNP is:      15707.96
Unitcell Options = infp,infq,infr & vac_abc: FFF FFF
 boxy1 b_c   53.044416934251785     

Unit Cell
     2.70000000       0.00000000       0.00000000
    -1.35000000       2.33826855       0.00000000
     0.00000000       0.00000000       4.40908154

--------------------------------------------------------------------------------
Number of Atoms:   1289
--------------------------------------------------------------------------------
Potential? F       
Rmax used for CN calculation:  3.40    Metal: PT
-----------------------------
Standard Coordination numbers
-----------------------------
CN  3:     6 atoms [xDBDDEF]
CN  4:    30 atoms [xC9CCE8]
CN  5:    24 atoms [xB7BBE0]
CN  7:   252 atoms [x9399D1]
CN  8:    24 atoms [x8188C9]
CN  9:    60 atoms [x6F77C2]
CN 10:    66 atoms [x5D66BA]
CN 11:   186 atoms [x4B55B3]
CN 12:   641 atoms [x3944AB]
CN written in CN.dat
Average CN: 10.20
--------------
jmol commands:
--------------
select (atomno=[ 690 701 774 785 1278 1289])
color atoms [xDBDDEF]
select (atomno=[ 691 692 693 694 695 696 697 698 699 700 775 776 777 778 779 780 781 782 783 784 1279 1280 1281 1282 1283 1284 1285 1286 1287 1288])
color atoms [xC9CCE8]
select (atomno=[ 606 617 618 629 630 641 678 689 870 881 954 965 1050 1061 1134 1145 1146 1157 1218 1229 1230 1241 1266 1277])
color atoms [xB7BBE0]
select (atomno=[ 1 2 3 4 5 6 7 8 9 10 11 23 24 25 26 27 28 29 30 31 32 33 34 35 36 37 38 39 40 41 42 43 44 89 90 91 92 93 94 95 96 97 98 99 177 178 179 180 181 182 183 184 185 186 187 254 255 256 257 258 259 260 261 262 263 264 342 343 344 345 346 347 348 349 350 351 352 419 420 421 422 423 424 425 426 427 428 429 507 508 509 510 511 512 513 514 515 516 517 562 563 564 565 566 567 568 569 570 571 572 573 574 575 576 577 578 579 580 581 582 583 595 596 597 598 599 600 601 602 603 604 605 607 608 609 610 611 612 613 614 615 616 619 620 621 622 623 624 625 626 627 628 631 632 633 634 635 636 637 638 639 640 679 680 681 682 683 684 685 686 687 688 871 872 873 874 875 876 877 878 879 880 955 956 957 958 959 960 961 962 963 964 1051 1052 1053 1054 1055 1056 1057 1058 1059 1060 1135 1136 1137 1138 1139 1140 1141 1142 1143 1144 1147 1148 1149 1150 1151 1152 1153 1154 1155 1156 1219 1220 1221 1222 1223 1224 1225 1226 1227 1228 1231 1232 1233 1234 1235 1236 1237 1238 1239 1240 1267 1268 1269 1270 1271 1272 1273 1274 1275 1276])
color atoms [x9399D1]
select (atomno=[ 642 653 666 677 702 713 762 773 786 797 858 869 966 977 1038 1049 1158 1169 1206 1217 1242 1253 1254 1265])
color atoms [x8188C9]
select (atomno=[ 654 665 714 725 726 737 738 749 750 761 798 809 810 821 822 833 834 845 846 857 882 893 894 905 906 917 918 929 930 941 942 953 978 989 990 1001 1002 1013 1014 1025 1026 1037 1062 1073 1074 1085 1086 1097 1098 1109 1110 1121 1122 1133 1170 1181 1182 1193 1194 1205])
color atoms [x6F77C2]
select (atomno=[ 12 13 14 15 16 17 18 19 20 21 22 100 101 102 103 104 105 106 107 108 109 110 166 167 168 169 170 171 172 173 174 175 176 430 431 432 433 434 435 436 437 438 439 440 496 497 498 499 500 501 502 503 504 505 506 584 585 586 587 588 589 590 591 592 593 594])
color atoms [x5D66BA]
select (atomno=[ 45 46 47 48 49 50 51 52 53 54 55 78 79 80 81 82 83 84 85 86 87 88 265 266 267 268 269 270 271 272 273 274 275 331 332 333 334 335 336 337 338 339 340 341 518 519 520 521 522 523 524 525 526 527 528 551 552 553 554 555 556 557 558 559 560 561 643 644 645 646 647 648 649 650 651 652 667 668 669 670 671 672 673 674 675 676 703 704 705 706 707 708 709 710 711 712 763 764 765 766 767 768 769 770 771 772 787 788 789 790 791 792 793 794 795 796 859 860 861 862 863 864 865 866 867 868 967 968 969 970 971 972 973 974 975 976 1039 1040 1041 1042 1043 1044 1045 1046 1047 1048 1159 1160 1161 1162 1163 1164 1165 1166 1167 1168 1207 1208 1209 1210 1211 1212 1213 1214 1215 1216 1243 1244 1245 1246 1247 1248 1249 1250 1251 1252 1255 1256 1257 1258 1259 1260 1261 1262 1263 1264])
color atoms [x4B55B3]
select (atomno=[ 56 57 58 59 60 61 62 63 64 65 66 67 68 69 70 71 72 73 74 75 76 77 111 112 113 114 115 116 117 118 119 120 121 122 123 124 125 126 127 128 129 130 131 132 133 134 135 136 137 138 139 140 141 142 143 144 145 146 147 148 149 150 151 152 153 154 155 156 157 158 159 160 161 162 163 164 165 188 189 190 191 192 193 194 195 196 197 198 199 200 201 202 203 204 205 206 207 208 209 210 211 212 213 214 215 216 217 218 219 220 221 222 223 224 225 226 227 228 229 230 231 232 233 234 235 236 237 238 239 240 241 242 243 244 245 246 247 248 249 250 251 252 253 276 277 278 279 280 281 282 283 284 285 286 287 288 289 290 291 292 293 294 295 296 297 298 299 300 301 302 303 304 305 306 307 308 309 310 311 312 313 314 315 316 317 318 319 320 321 322 323 324 325 326 327 328 329 330 353 354 355 356 357 358 359 360 361 362 363 364 365 366 367 368 369 370 371 372 373 374 375 376 377 378 379 380 381 382 383 384 385 386 387 388 389 390 391 392 393 394 395 396 397 398 399 400 401 402 403 404 405 406 407 408 409 410 411 412 413 414 415 416 417 418 441 442 443 444 445 446 447 448 449 450 451 452 453 454 455 456 457 458 459 460 461 462 463 464 465 466 467 468 469 470 471 472 473 474 475 476 477 478 479 480 481 482 483 484 485 486 487 488 489 490 491 492 493 494 495 529 530 531 532 533 534 535 536 537 538 539 540 541 542 543 544 545 546 547 548 549 550 655 656 657 658 659 660 661 662 663 664 715 716 717 718 719 720 721 722 723 724 727 728 729 730 731 732 733 734 735 736 739 740 741 742 743 744 745 746 747 748 751 752 753 754 755 756 757 758 759 760 799 800 801 802 803 804 805 806 807 808 811 812 813 814 815 816 817 818 819 820 823 824 825 826 827 828 829 830 831 832 835 836 837 838 839 840 841 842 843 844 847 848 849 850 851 852 853 854 855 856 883 884 885 886 887 888 889 890 891 892 895 896 897 898 899 900 901 902 903 904 907 908 909 910 911 912 913 914 915 916 919 920 921 922 923 924 925 926 927 928 931 932 933 934 935 936 937 938 939 940 943 944 945 946 947 948 949 950 951 952 979 980 981 982 983 984 985 986 987 988 991 992 993 994 995 996 997 998 999 1000 1003 1004 1005 1006 1007 1008 1009 1010 1011 1012 1015 1016 1017 1018 1019 1020 1021 1022 1023 1024 1027 1028 1029 1030 1031 1032 1033 1034 1035 1036 1063 1064 1065 1066 1067 1068 1069 1070 1071 1072 1075 1076 1077 1078 1079 1080 1081 1082 1083 1084 1087 1088 1089 1090 1091 1092 1093 1094 1095 1096 1099 1100 1101 1102 1103 1104 1105 1106 1107 1108 1111 1112 1113 1114 1115 1116 1117 1118 1119 1120 1123 1124 1125 1126 1127 1128 1129 1130 1131 1132 1171 1172 1173 1174 1175 1176 1177 1178 1179 1180 1183 1184 1185 1186 1187 1188 1189 1190 1191 1192 1195 1196 1197 1198 1199 1200 1201 1202 1203 1204])
color atoms [x3944AB]
No reference coordination value (CNref) given as input
Unable to calculate (CN-CNref)

--------------------------------
Generalized Coordination numbers
--------------------------------
Maximum coordination number (CNmax): 12
gCN written in gCN.dat
Average gCN:  9.13
--------------
jmol commands:
--------------
gCN=load("gCN.dat")
select all
set usercolorscheme [xFFFFFF] [xEDEEF7] [xDBDDEF] [xC9CCE8] [xB7BBE0] [xA5AAD9] [x9399D1] [x8188C9] [x6F77C2] [x5D66BA] [x4B55B3] [x3944AB] [x2833A4] 
color atoms variable gCN "user" range   1.00   13.00
frank off

Color scale:
gCN:  1.00   [xFFFFFF]
gCN:  2.00   [xEDEEF7]
gCN:  3.00   [xDBDDEF]
gCN:  4.00   [xC9CCE8]
gCN:  5.00   [xB7BBE0]
gCN:  6.00   [xA5AAD9]
gCN:  7.00   [x9399D1]
gCN:  8.00   [x8188C9]
gCN:  9.00   [x6F77C2]
gCN: 10.00   [x5D66BA]
gCN: 11.00   [x4B55B3]
gCN: 12.00   [x3944AB]
gCN: 13.00   [x2833A4]
No reference coordination value (gCNref) given as input
Unable to calculate (gCN-gCNref)
================================================================================
Electron Count
--------------
Electron Count values written in elcnt.dat
--------------
jmol commands:
--------------
elc=load("elcnt.dat")
select all
set usercolorscheme [x730213] [x990003] [xc60006] [xF30004] [xF87D6A] [xFFD0D0] [xFFFFFF] [xD2D6F8] [x7E7AF8] [x0212FF] [x0003B6] [x000073] [x000000] 
color atoms variable elc "user" range   8.00   20.00
frank off

Color scale:
Nel:  8.   [x730213]
Nel:  9.   [x990003]
Nel: 10.   [xc60006]
Nel: 11.   [xF30004]
Nel: 12.   [xF87D6A]
Nel: 13.   [xFFD0D0]
Nel: 14.   [xFFFFFF]
Nel: 15.   [xD2D6F8]
Nel: 16.   [x7E7AF8]
Nel: 17.   [x0212FF]
Nel: 18.   [x0003B6]
Nel: 19.   [x000073]
Nel: 20.   [x000000]
################################################################################
                                  Elapsed Time
--------------------------------------------------------------------------------
2024 April 25
Walltime TOT:   0.0 min (    0. sec) per thread
--------------------------------------------------------------------------------
  ## GoF function.                      : 000:00:00.0        (               0)
  ##              param.                : 000:00:00.0        (               0)
  ##              param. Gradient       : 000:00:00.0        (               0)
  ##              coords.               : 000:00:00.0        (               0)
  ##              coords. Gradient      : 000:00:00.0        (               0)
  ## Lennard-Jones Potential. Energy    : 000:00:00.0        (               0)
  ##                          Gradient  : 000:00:00.0        (               0)
  ## Sutton-Chen Potential. Energy      : 000:00:00.0        (               0)
  ##                        Gradient    : 000:00:00.0        (               0)
  ## RMS deviation from a ref. shape    : 000:00:00.0        (               0)
  ## Basin Hoping                       : 000:00:00.0        (               0)
  ## Reverse Monte Carlo                : 000:00:00.0        (               0)
  ## Conjugated Gradient (frprmn)       : 000:00:00.0        (               0)
  ## Molecular Dynamics                 : 000:00:00.0        (               0)
  ## PDF Calculation                    : 000:00:00.0        (               0)
  ## Core/Surface analysis              : 000:00:00.0        (               0)
-------------------------------------------------------
  ## TOTAL                              : 000:00:00.1        (       118346704)
################################################################################
